AutoDock Vina v1.2.3
#################################################################
# If you used AutoDock Vina in your work, please cite:          #
#                                                               #
# J. Eberhardt, D. Santos-Martins, A. F. Tillack, and S. Forli  #
# AutoDock Vina 1.2.0: New Docking Methods, Expanded Force      #
# Field, and Python Bindings, J. Chem. Inf. Model. (2021)       #
# DOI 10.1021/acs.jcim.1c00203                                  #
#                                                               #
# O. Trott, A. J. Olson,                                        #
# AutoDock Vina: improving the speed and accuracy of docking    #
# with a new scoring function, efficient optimization and       #
# multithreading, J. Comp. Chem. (2010)                         #
# DOI 10.1002/jcc.21334                                         #
#                                                               #
# Please see https://github.com/ccsb-scripps/AutoDock-Vina for  #
# more information.                                             #
#################################################################

Scoring function : vina
Rigid receptor: /home/esp/scriptDevelopment/voidDock/outputs/62562582/62562582.pdbqt
Ligand: /home/esp/scriptDevelopment/voidDock/outputs/62562582/Lumoflavin.pdbqt
Grid center: X 4.87996 Y 1.52669 Z -0.61395
Grid size  : X 30 Y 30 Z 30
Grid space : 0.375
Exhaustiveness: 16
CPU: 2
Verbosity: 1

Computing Vina grid ... done.
Performing docking (random seed: 42) ... 
0%   10   20   30   40   50   60   70   80   90   100%
|----|----|----|----|----|----|----|----|----|----|
***************************************************

mode |   affinity | dist from best mode
     | (kcal/mol) | rmsd l.b.| rmsd u.b.
-----+------------+----------+----------
   1       -7.878          0          0
   2       -7.788       13.3      15.69
   3       -7.697      12.87      14.42
   4       -7.556      13.28      13.79
   5       -7.493      13.09         15
   6       -7.379      13.12      14.08
   7        -7.33      3.666      5.942
   8       -7.307      3.664      6.092
   9       -7.119      5.791      8.427
  10       -7.101      13.03      15.05
