AutoDock Vina v1.2.3
#################################################################
# If you used AutoDock Vina in your work, please cite:          #
#                                                               #
# J. Eberhardt, D. Santos-Martins, A. F. Tillack, and S. Forli  #
# AutoDock Vina 1.2.0: New Docking Methods, Expanded Force      #
# Field, and Python Bindings, J. Chem. Inf. Model. (2021)       #
# DOI 10.1021/acs.jcim.1c00203                                  #
#                                                               #
# O. Trott, A. J. Olson,                                        #
# AutoDock Vina: improving the speed and accuracy of docking    #
# with a new scoring function, efficient optimization and       #
# multithreading, J. Comp. Chem. (2010)                         #
# DOI 10.1002/jcc.21334                                         #
#                                                               #
# Please see https://github.com/ccsb-scripps/AutoDock-Vina for  #
# more information.                                             #
#################################################################

Scoring function : vina
Rigid receptor: /home/esp/scriptDevelopment/voidDock/outputs/134189607_Lumoflavin/134189607_pocketAla.pdbqt
Ligand: /home/esp/scriptDevelopment/voidDock/outputs/134189607_Lumoflavin/Lumoflavin.pdbqt
Grid center: X -7.47075 Y -4.40052 Z 6.25237
Grid size  : X 30 Y 30 Z 30
Grid space : 0.375
Exhaustiveness: 16
CPU: 2
Verbosity: 1

Computing Vina grid ... done.
Performing docking (random seed: 42) ... 
0%   10   20   30   40   50   60   70   80   90   100%
|----|----|----|----|----|----|----|----|----|----|
***************************************************

mode |   affinity | dist from best mode
     | (kcal/mol) | rmsd l.b.| rmsd u.b.
-----+------------+----------+----------
   1       -8.069          0          0
   2       -7.672      2.993      6.283
   3       -7.589      1.113      2.814
   4        -7.44      3.011      5.743
   5       -7.108      13.54      15.61
   6       -6.897      11.19      13.24
   7       -6.872      10.05      11.11
   8       -6.801      12.03      14.29
   9       -6.747      10.23         12
  10       -6.609      13.85      15.54
