AutoDock Vina v1.2.3
#################################################################
# If you used AutoDock Vina in your work, please cite:          #
#                                                               #
# J. Eberhardt, D. Santos-Martins, A. F. Tillack, and S. Forli  #
# AutoDock Vina 1.2.0: New Docking Methods, Expanded Force      #
# Field, and Python Bindings, J. Chem. Inf. Model. (2021)       #
# DOI 10.1021/acs.jcim.1c00203                                  #
#                                                               #
# O. Trott, A. J. Olson,                                        #
# AutoDock Vina: improving the speed and accuracy of docking    #
# with a new scoring function, efficient optimization and       #
# multithreading, J. Comp. Chem. (2010)                         #
# DOI 10.1002/jcc.21334                                         #
#                                                               #
# Please see https://github.com/ccsb-scripps/AutoDock-Vina for  #
# more information.                                             #
#################################################################

Scoring function : vina
Rigid receptor: /home/esp/scriptDevelopment/voidDock/outputs/62562582_Lumoflavin/62562582_pocketAla.pdbqt
Ligand: /home/esp/scriptDevelopment/voidDock/outputs/62562582_Lumoflavin/Lumoflavin.pdbqt
Grid center: X 2.9295 Y 2.14415 Z 15.0689
Grid size  : X 30 Y 30 Z 30
Grid space : 0.375
Exhaustiveness: 16
CPU: 2
Verbosity: 1

Computing Vina grid ... done.
Performing docking (random seed: 42) ... 
0%   10   20   30   40   50   60   70   80   90   100%
|----|----|----|----|----|----|----|----|----|----|
***************************************************

mode |   affinity | dist from best mode
     | (kcal/mol) | rmsd l.b.| rmsd u.b.
-----+------------+----------+----------
   1        -6.93          0          0
   2       -6.878      15.29      17.22
   3       -6.877      2.727      4.988
   4       -6.743      14.56      16.19
   5       -6.704      15.55      17.06
   6       -6.671      1.929      2.999
   7       -6.604      7.521      8.542
   8       -6.538      15.21      16.93
   9       -6.464      1.974      3.082
  10       -6.315      15.04      15.77
