AutoDock Vina v1.2.3
#################################################################
# If you used AutoDock Vina in your work, please cite:          #
#                                                               #
# J. Eberhardt, D. Santos-Martins, A. F. Tillack, and S. Forli  #
# AutoDock Vina 1.2.0: New Docking Methods, Expanded Force      #
# Field, and Python Bindings, J. Chem. Inf. Model. (2021)       #
# DOI 10.1021/acs.jcim.1c00203                                  #
#                                                               #
# O. Trott, A. J. Olson,                                        #
# AutoDock Vina: improving the speed and accuracy of docking    #
# with a new scoring function, efficient optimization and       #
# multithreading, J. Comp. Chem. (2010)                         #
# DOI 10.1002/jcc.21334                                         #
#                                                               #
# Please see https://github.com/ccsb-scripps/AutoDock-Vina for  #
# more information.                                             #
#################################################################

Scoring function : vina
Rigid receptor: /home/esp/scriptDevelopment/voidDock/outputs/432409763/432409763.pdbqt
Ligand: /home/esp/scriptDevelopment/voidDock/outputs/432409763/Lumoflavin.pdbqt
Grid center: X -7.77167 Y 4.43589 Z -4.02872
Grid size  : X 30 Y 30 Z 30
Grid space : 0.375
Exhaustiveness: 16
CPU: 2
Verbosity: 1

Computing Vina grid ... done.
Performing docking (random seed: 42) ... 
0%   10   20   30   40   50   60   70   80   90   100%
|----|----|----|----|----|----|----|----|----|----|
***************************************************

mode |   affinity | dist from best mode
     | (kcal/mol) | rmsd l.b.| rmsd u.b.
-----+------------+----------+----------
   1       -7.791          0          0
   2       -7.357      13.82      14.81
   3       -7.193      13.66      15.26
   4       -6.892      14.35      15.89
   5       -6.795      15.23      16.53
   6       -6.716      3.028      6.018
   7       -6.705      3.145      5.628
   8        -6.66      14.97      16.04
   9       -6.657      13.79      15.16
  10       -6.451      14.66      15.63
